<?xml version="1.0" encoding="UTF-8" ?>
<<<<<<< HEAD
<testsuite tests="1" failures="0" name="laba5.SubTest" time="0.002" errors="0" skipped="0">
  <properties>
    <property name="java.runtime.name" value="OpenJDK Runtime Environment"/>
    <property name="java.vm.version" value="15.0.2+7-27"/>
    <property name="sun.boot.library.path" value="/home/mochalina/.p2/pool/plugins/org.eclipse.justj.openjdk.hotspot.jre.full.linux.x86_64_15.0.2.v20210201-0955/jre/lib"/>
    <property name="maven.multiModuleProjectDirectory" value="/home/mochalina/git/IS_project25/laba4"/>
=======
<testsuite tests="1" failures="0" name="laba5.SubTest" time="0" errors="0" skipped="0">
  <properties>
    <property name="java.runtime.name" value="OpenJDK Runtime Environment"/>
    <property name="java.vm.version" value="15.0.2+7-27"/>
    <property name="sun.boot.library.path" value="/home/grishchenko/.p2/pool/plugins/org.eclipse.justj.openjdk.hotspot.jre.full.linux.x86_64_15.0.2.v20210201-0955/jre/lib"/>
    <property name="maven.multiModuleProjectDirectory" value="/home/grishchenko/git/IS_project25/laba4"/>
>>>>>>> b3d6db6a9f816dc65301fd7627aa7a75525187b6
    <property name="java.vm.vendor" value="Oracle Corporation"/>
    <property name="java.vendor.url" value="https://java.oracle.com/"/>
    <property name="path.separator" value=":"/>
    <property name="guice.disable.misplaced.annotation.check" value="true"/>
    <property name="java.vm.name" value="OpenJDK 64-Bit Server VM"/>
    <property name="user.country" value="RU"/>
    <property name="sun.java.launcher" value="SUN_STANDARD"/>
    <property name="java.vm.specification.name" value="Java Virtual Machine Specification"/>
<<<<<<< HEAD
    <property name="user.dir" value="/home/mochalina/git/IS_project25/laba4"/>
=======
    <property name="user.dir" value="/home/grishchenko/git/IS_project25/laba4"/>
>>>>>>> b3d6db6a9f816dc65301fd7627aa7a75525187b6
    <property name="java.vm.compressedOopsMode" value="32-bit"/>
    <property name="java.runtime.version" value="15.0.2+7-27"/>
    <property name="os.arch" value="amd64"/>
    <property name="java.io.tmpdir" value="/tmp"/>
    <property name="line.separator" value="
"/>
    <property name="java.vm.specification.vendor" value="Oracle Corporation"/>
    <property name="os.name" value="Linux"/>
<<<<<<< HEAD
    <property name="classworlds.conf" value="/home/mochalina/eclipse-workspace/.metadata/.plugins/org.eclipse.m2e.launching/launches/m2conf12371108222037998791.tmp"/>
=======
    <property name="classworlds.conf" value="/home/grishchenko/eclipse-workspace/.metadata/.plugins/org.eclipse.m2e.launching/launches/m2conf13400767382872779709.tmp"/>
>>>>>>> b3d6db6a9f816dc65301fd7627aa7a75525187b6
    <property name="sun.jnu.encoding" value="UTF-8"/>
    <property name="java.library.path" value="/usr/java/packages/lib:/usr/lib64:/lib64:/lib:/usr/lib"/>
    <property name="jdk.debug" value="release"/>
    <property name="java.class.version" value="59.0"/>
    <property name="java.specification.name" value="Java Platform API Specification"/>
    <property name="sun.management.compiler" value="HotSpot 64-Bit Tiered Compilers"/>
    <property name="os.version" value="5.8.0-44-generic"/>
<<<<<<< HEAD
    <property name="user.home" value="/home/mochalina"/>
    <property name="user.timezone" value="Asia/Yekaterinburg"/>
    <property name="file.encoding" value="cp1251"/>
    <property name="java.specification.version" value="15"/>
    <property name="user.name" value="mochalina"/>
    <property name="java.class.path" value="/home/mochalina/.p2/pool/plugins/org.eclipse.m2e.maven.runtime_1.16.0.20200610-1735/jars/plexus-classworlds-2.6.0.jar"/>
    <property name="java.vm.specification.version" value="15"/>
    <property name="sun.arch.data.model" value="64"/>
    <property name="sun.java.command" value="org.codehaus.plexus.classworlds.launcher.Launcher -B package"/>
    <property name="java.home" value="/home/mochalina/.p2/pool/plugins/org.eclipse.justj.openjdk.hotspot.jre.full.linux.x86_64_15.0.2.v20210201-0955/jre"/>
=======
    <property name="user.home" value="/home/grishchenko"/>
    <property name="user.timezone" value="Europe/Samara"/>
    <property name="file.encoding" value="cp1251"/>
    <property name="java.specification.version" value="15"/>
    <property name="user.name" value="grishchenko"/>
    <property name="java.class.path" value="/home/grishchenko/.p2/pool/plugins/org.eclipse.m2e.maven.runtime_1.16.0.20200610-1735/jars/plexus-classworlds-2.6.0.jar"/>
    <property name="java.vm.specification.version" value="15"/>
    <property name="sun.arch.data.model" value="64"/>
    <property name="sun.java.command" value="org.codehaus.plexus.classworlds.launcher.Launcher -B package"/>
    <property name="java.home" value="/home/grishchenko/.p2/pool/plugins/org.eclipse.justj.openjdk.hotspot.jre.full.linux.x86_64_15.0.2.v20210201-0955/jre"/>
>>>>>>> b3d6db6a9f816dc65301fd7627aa7a75525187b6
    <property name="user.language" value="ru"/>
    <property name="java.specification.vendor" value="Oracle Corporation"/>
    <property name="java.vm.info" value="mixed mode"/>
    <property name="java.version" value="15.0.2"/>
    <property name="securerandom.source" value="file:/dev/./urandom"/>
    <property name="java.vendor" value="Oracle Corporation"/>
<<<<<<< HEAD
    <property name="maven.home" value="/home/mochalina/git/IS_project25/laba4/EMBEDDED"/>
=======
    <property name="maven.home" value="/home/grishchenko/git/IS_project25/laba4/EMBEDDED"/>
>>>>>>> b3d6db6a9f816dc65301fd7627aa7a75525187b6
    <property name="file.separator" value="/"/>
    <property name="java.version.date" value="2021-01-19"/>
    <property name="java.vendor.url.bug" value="https://bugreport.java.com/bugreport/"/>
    <property name="sun.io.unicode.encoding" value="UnicodeLittle"/>
    <property name="sun.cpu.endian" value="little"/>
  </properties>
<<<<<<< HEAD
  <testcase classname="laba5.SubTest" name="test" time="0.002"/>
=======
  <testcase classname="laba5.SubTest" name="test" time="0"/>
>>>>>>> b3d6db6a9f816dc65301fd7627aa7a75525187b6
</testsuite>